INFO:saver_postgres.py:Add to film_work:200 records:
INFO:saver_postgres.py:Add to film_work:200 records:
INFO:saver_postgres.py:Add to film_work:200 records:
INFO:saver_postgres.py:Add to film_work:200 records:
INFO:saver_postgres.py:Add to film_work:199 records:
WARNING:saver_postgres.py:Stop iteration film_work:
INFO:saver_postgres.py:Add to genre:26 records:
WARNING:saver_postgres.py:Stop iteration genre:
INFO:saver_postgres.py:Add to genre_film_work:200 records:
INFO:saver_postgres.py:Add to genre_film_work:200 records:
INFO:saver_postgres.py:Add to genre_film_work:200 records:
INFO:saver_postgres.py:Add to genre_film_work:200 records:
INFO:saver_postgres.py:Add to genre_film_work:200 records:
INFO:saver_postgres.py:Add to genre_film_work:200 records:
INFO:saver_postgres.py:Add to genre_film_work:200 records:
INFO:saver_postgres.py:Add to genre_film_work:200 records:
INFO:saver_postgres.py:Add to genre_film_work:200 records:
INFO:saver_postgres.py:Add to genre_film_work:200 records:
INFO:saver_postgres.py:Add to genre_film_work:200 records:
INFO:saver_postgres.py:Add to genre_film_work:31 records:
WARNING:saver_postgres.py:Stop iteration genre_film_work:
INFO:saver_postgres.py:Add to person:200 records:
INFO:saver_postgres.py:Add to person:200 records:
INFO:saver_postgres.py:Add to person:200 records:
INFO:saver_postgres.py:Add to person:200 records:
INFO:saver_postgres.py:Add to person:200 records:
INFO:saver_postgres.py:Add to person:200 records:
INFO:saver_postgres.py:Add to person:200 records:
INFO:saver_postgres.py:Add to person:200 records:
INFO:saver_postgres.py:Add to person:200 records:
INFO:saver_postgres.py:Add to person:200 records:
INFO:saver_postgres.py:Add to person:200 records:
INFO:saver_postgres.py:Add to person:200 records:
INFO:saver_postgres.py:Add to person:200 records:
INFO:saver_postgres.py:Add to person:200 records:
INFO:saver_postgres.py:Add to person:200 records:
INFO:saver_postgres.py:Add to person:200 records:
INFO:saver_postgres.py:Add to person:200 records:
INFO:saver_postgres.py:Add to person:200 records:
INFO:saver_postgres.py:Add to person:200 records:
INFO:saver_postgres.py:Add to person:200 records:
INFO:saver_postgres.py:Add to person:166 records:
WARNING:saver_postgres.py:Stop iteration person:
INFO:saver_postgres.py:Add to person_film_work:200 records:
INFO:saver_postgres.py:Add to person_film_work:200 records:
INFO:saver_postgres.py:Add to person_film_work:200 records:
INFO:saver_postgres.py:Add to person_film_work:200 records:
INFO:saver_postgres.py:Add to person_film_work:200 records:
INFO:saver_postgres.py:Add to person_film_work:200 records:
INFO:saver_postgres.py:Add to person_film_work:200 records:
INFO:saver_postgres.py:Add to person_film_work:200 records:
INFO:saver_postgres.py:Add to person_film_work:200 records:
INFO:saver_postgres.py:Add to person_film_work:200 records:
INFO:saver_postgres.py:Add to person_film_work:200 records:
INFO:saver_postgres.py:Add to person_film_work:200 records:
INFO:saver_postgres.py:Add to person_film_work:200 records:
INFO:saver_postgres.py:Add to person_film_work:200 records:
INFO:saver_postgres.py:Add to person_film_work:200 records:
INFO:saver_postgres.py:Add to person_film_work:200 records:
INFO:saver_postgres.py:Add to person_film_work:200 records:
INFO:saver_postgres.py:Add to person_film_work:200 records:
INFO:saver_postgres.py:Add to person_film_work:200 records:
INFO:saver_postgres.py:Add to person_film_work:200 records:
INFO:saver_postgres.py:Add to person_film_work:200 records:
INFO:saver_postgres.py:Add to person_film_work:200 records:
INFO:saver_postgres.py:Add to person_film_work:200 records:
INFO:saver_postgres.py:Add to person_film_work:200 records:
INFO:saver_postgres.py:Add to person_film_work:200 records:
INFO:saver_postgres.py:Add to person_film_work:200 records:
INFO:saver_postgres.py:Add to person_film_work:200 records:
INFO:saver_postgres.py:Add to person_film_work:200 records:
INFO:saver_postgres.py:Add to person_film_work:183 records:
WARNING:saver_postgres.py:Stop iteration person_film_work:
